<?xml version="1.0" encoding="UTF-8"?>
<testng-results ignored="0" total="1" passed="1" failed="0" skipped="0">
  <reporter-output>
  </reporter-output>
  <suite started-at="2024-12-28T20:03:30 IST" name="Default suite" finished-at="2024-12-28T20:04:17 IST" duration-ms="47129">
    <groups>
    </groups>
    <test started-at="2024-12-28T20:03:30 IST" name="Default test" finished-at="2024-12-28T20:04:17 IST" duration-ms="47129">
      <class name="Locators.Assignment_Demo2">
        <test-method is-config="true" signature="Setup()[pri:0, instance:Locators.Assignment_Demo2@71529963]" started-at="2024-12-28T20:03:30 IST" name="Setup" finished-at="2024-12-28T20:03:30 IST" duration-ms="17" status="PASS">
          <reporter-output>
          </reporter-output>
        </test-method> <!-- Setup -->
        <test-method signature="Search_Product()[pri:0, instance:Locators.Assignment_Demo2@71529963]" started-at="2024-12-28T20:03:30 IST" name="Search_Product" finished-at="2024-12-28T20:04:06 IST" duration-ms="36671" status="PASS">
          <reporter-output>
          </reporter-output>
        </test-method> <!-- Search_Product -->
        <test-method is-config="true" signature="close()[pri:0, instance:Locators.Assignment_Demo2@71529963]" started-at="2024-12-28T20:04:06 IST" name="close" finished-at="2024-12-28T20:04:17 IST" duration-ms="10362" status="PASS">
          <reporter-output>
          </reporter-output>
        </test-method> <!-- close -->
      </class> <!-- Locators.Assignment_Demo2 -->
    </test> <!-- Default test -->
  </suite> <!-- Default suite -->
</testng-results>
